1745:APP_OPEN:startTime=1762999026528
3380:GENERAL_SHOW_PERSPECTIVE:perspective=org.jkiss.dbeaver.core.perspective
3380:GENERAL_VIEW_OPEN:view=org.jkiss.dbeaver.core.databaseNavigator
3380:GENERAL_VIEW_OPEN:view=org.jkiss.dbeaver.core.projectExplorer
16459:SQL_EDITOR_OPEN:driver=mysql:mysql8
16563:CONNECTION_OPEN:origin=local&driver=mysql:mysql8
624712:SQL_EDITOR_EXECUTE_QUERY
1455091:SQL_EDITOR_EXECUTE_QUERY
1475832:SQL_EDITOR_SHOW_LOG
1481321:SQL_EDITOR_EXECUTE_QUERY
1485126:SQL_EDITOR_EXECUTE_QUERY
14072218:SQL_SCRIPT_NEW
14072533:SQL_EDITOR_OPEN:driver=mysql:mysql8
14301158:SQL_EDITOR_EXECUTE_QUERY
14647078:SQL_EDITOR_EXECUTE_QUERY
14655270:SQL_EDITOR_EXECUTE_QUERY
14750702:SQL_EDITOR_EXECUTE_QUERY
14773113:SQL_EDITOR_EXECUTE_QUERY
14811424:SQL_EDITOR_EXECUTE_QUERY
14893086:SQL_EDITOR_EXECUTE_QUERY
14895467:SQL_EDITOR_EXECUTE_QUERY
14910635:SQL_EDITOR_EXECUTE_QUERY
14916349:ENTITY_EDITOR_OPEN:className=MySQLTable&driver=mysql:mysql8
14987245:SQL_EDITOR_EXECUTE_QUERY
14994371:ENTITY_EDITOR_OPEN:className=MySQLTable&driver=mysql:mysql8
15007071:ENTITY_EDITOR_OPEN:className=MySQLTable&driver=mysql:mysql8
15078973:SQL_EDITOR_EXECUTE_QUERY
15081896:SQL_EDITOR_EXECUTE_QUERY
15808148:Open task manager
15808149:GENERAL_VIEW_OPEN:view=org.jkiss.dbeaver.tasks
15815258:ENTITY_EDITOR_OPEN:className=MySQLTable&driver=mysql:mysql8
16792351:SQL_EDITOR_EXECUTE_QUERY
16800137:GENERAL_VIEW_OPEN:view=org.jkiss.dbeaver.ui.dashboardView
16801890:GENERAL_VIEW_CLOSE:view=org.jkiss.dbeaver.ui.dashboardView
16803381:GENERAL_VIEW_CLOSE:view=org.jkiss.dbeaver.tasks
16927905:SQL_EDITOR_EXECUTE_QUERY
17192024:SQL_EDITOR_EXECUTE_QUERY
17206902:SQL_EDITOR_EXECUTE_QUERY
17212634:ENTITY_EDITOR_OPEN:className=MySQLTable&driver=mysql:mysql8
17253040:DATA_EDIT_OPEN:objectType=MySQLTable
17307859:ENTITY_EDITOR_OPEN:className=MySQLTable&driver=mysql:mysql8
17317679:ENTITY_EDITOR_OPEN:className=MySQLTableColumn&driver=mysql:mysql8
17377783:SQL_EDITOR_EXECUTE_QUERY
17382533:SQL_EDITOR_EXECUTE_QUERY
17431131:SQL_EDITOR_EXECUTE_QUERY
17434537:SQL_EDITOR_EXECUTE_QUERY
17442600:SQL_EDITOR_EXECUTE_QUERY
17450854:SQL_EDITOR_EXECUTE_QUERY
17459128:SQL_EDITOR_EXECUTE_QUERY
17486655:SQL_EDITOR_EXECUTE_QUERY
17490604:SQL_EDITOR_SHOW_LOG
