1647:APP_OPEN:startTime=1762935341686
3630:GENERAL_SHOW_PERSPECTIVE:perspective=org.jkiss.dbeaver.core.perspective
3630:GENERAL_VIEW_OPEN:view=org.jkiss.dbeaver.core.databaseNavigator
3630:GENERAL_VIEW_OPEN:view=org.jkiss.dbeaver.core.projectExplorer
4141:SQL_EDITOR_OPEN:driver=mysql:mysql8
4500:CONNECTION_OPEN:driver=mysql:mysql8&origin=local
108926:SQL_EDITOR_EXECUTE_QUERY
115880:SQL_EDITOR_EXECUTE_QUERY
124689:ENTITY_EDITOR_OPEN:driver=mysql:mysql8&className=MySQLTable
135281:SQL_EDITOR_EXECUTE_QUERY
144229:ENTITY_EDITOR_OPEN:driver=mysql:mysql8&className=MySQLTableColumn
145754:ENTITY_EDITOR_OPEN:driver=mysql:mysql8&className=MySQLTable
1551962:SQL_EDITOR_EXECUTE_QUERY
1555463:ENTITY_EDITOR_OPEN:driver=mysql:mysql8&className=MySQLTableColumn
1559325:ENTITY_EDITOR_OPEN:driver=mysql:mysql8&className=MySQLTable
1568262:ENTITY_EDITOR_OPEN:driver=mysql:mysql8&className=MySQLTable
1650580:SQL_EDITOR_EXECUTE_QUERY
1655809:ENTITY_EDITOR_OPEN:driver=mysql:mysql8&className=MySQLTable
1675991:SQL_EDITOR_EXECUTE_QUERY
1744285:SQL_EDITOR_EXECUTE_QUERY
1748719:ENTITY_EDITOR_OPEN:driver=mysql:mysql8&className=MySQLTable
1753600:ENTITY_EDITOR_OPEN:driver=mysql:mysql8&className=MySQLTable
1765236:SQL_EDITOR_EXECUTE_QUERY
1830986:SQL_EDITOR_EXECUTE_QUERY
1836133:ENTITY_EDITOR_OPEN:driver=mysql:mysql8&className=MySQLTable
1856862:SQL_EDITOR_EXECUTE_QUERY
1877435:SQL_EDITOR_EXECUTE_QUERY
1884494:CONNECTION_DELETE:driver=sqlite:sqlite_jdbc
1890940:ENTITY_EDITOR_OPEN:driver=mysql:mysql8&className=MySQLTable
1911587:SQL_EDITOR_EXECUTE_QUERY
1951423:SQL_EDITOR_EXECUTE_QUERY
